x264 configure script
Command line options: "--prefix=/Users/xiang/develop/eclipseworkspace/LivePusher/jni/include/x264/../libs/x264/x86_64" "--includedir=/Users/xiang/develop/eclipseworkspace/LivePusher/jni/include/x264/../libs/x264/include" "--disable-gpac" "--host=x86_64-linux" "--enable-pic" "--enable-static" "--disable-asm" "--enable-gpl"

checking whether /Users/xiang/develop/eclipseworkspace/LivePusher/jni/include/android-toolchain/x86_64-linux-android/bin/x86_64-linux-android-gcc --sysroot=/Users/xiang/develop/eclipseworkspace/LivePusher/jni/include/android-toolchain/x86_64-linux-android/sysroot works... yes
checking whether /Users/xiang/develop/eclipseworkspace/LivePusher/jni/include/android-toolchain/x86_64-linux-android/bin/x86_64-linux-android-gcc --sysroot=/Users/xiang/develop/eclipseworkspace/LivePusher/jni/include/android-toolchain/x86_64-linux-android/sysroot supports for( int i = 0; i < 9; i++ ); with -std=gnu99... yes
checking for -mpreferred-stack-boundary=5... yes
checking for pthread_create(0,0,0,0); in pthread.h... no
Failed commandline was:
--------------------------------------------------
/Users/xiang/develop/eclipseworkspace/LivePusher/jni/include/android-toolchain/x86_64-linux-android/bin/x86_64-linux-android-gcc --sysroot=/Users/xiang/develop/eclipseworkspace/LivePusher/jni/include/android-toolchain/x86_64-linux-android/sysroot conftest.c -m64 -fPIC -Wall -I. -I$(SRCPATH) -std=gnu99 -mpreferred-stack-boundary=5  -lpthread  -m64 -Wl,-rpath-link=/Users/xiang/develop/eclipseworkspace/LivePusher/jni/include/android-toolchain/x86_64-linux-android/sysroot/usr/lib -L/Users/xiang/develop/eclipseworkspace/LivePusher/jni/include/android-toolchain/x86_64-linux-android/sysroot/usr/lib -nostdlib -lc -lm -ldl -llog -lgcc -lm -o conftest
conftest.c: In function 'main':
conftest.c:2:1: warning: null argument where non-null required (argument 1) [-Wnonnull]
 int main (void) { pthread_create(0,0,0,0); return 0; }
 ^
conftest.c:2:1: warning: null argument where non-null required (argument 3) [-Wnonnull]
/Users/xiang/develop/eclipseworkspace/LivePusher/jni/include/android-toolchain/x86_64-linux-android/bin/../lib/gcc/x86_64-linux-android/4.9/../../../../x86_64-linux-android/bin/ld: error: cannot find -lpthread
/Users/xiang/develop/eclipseworkspace/LivePusher/jni/include/android-toolchain/x86_64-linux-android/bin/../lib/gcc/x86_64-linux-android/4.9/../../../../x86_64-linux-android/bin/ld: warning: skipping incompatible /Users/xiang/develop/eclipseworkspace/LivePusher/jni/include/android-toolchain/x86_64-linux-android/sysroot/usr/lib/libc.so while searching for c
/Users/xiang/develop/eclipseworkspace/LivePusher/jni/include/android-toolchain/x86_64-linux-android/bin/../lib/gcc/x86_64-linux-android/4.9/../../../../x86_64-linux-android/bin/ld: warning: skipping incompatible /Users/xiang/develop/eclipseworkspace/LivePusher/jni/include/android-toolchain/x86_64-linux-android/sysroot/usr/lib/libm.so while searching for m
/Users/xiang/develop/eclipseworkspace/LivePusher/jni/include/android-toolchain/x86_64-linux-android/bin/../lib/gcc/x86_64-linux-android/4.9/../../../../x86_64-linux-android/bin/ld: warning: skipping incompatible /Users/xiang/develop/eclipseworkspace/LivePusher/jni/include/android-toolchain/x86_64-linux-android/sysroot/usr/lib/libdl.so while searching for dl
/Users/xiang/develop/eclipseworkspace/LivePusher/jni/include/android-toolchain/x86_64-linux-android/bin/../lib/gcc/x86_64-linux-android/4.9/../../../../x86_64-linux-android/bin/ld: warning: skipping incompatible /Users/xiang/develop/eclipseworkspace/LivePusher/jni/include/android-toolchain/x86_64-linux-android/sysroot/usr/lib/liblog.so while searching for log
/Users/xiang/develop/eclipseworkspace/LivePusher/jni/include/android-toolchain/x86_64-linux-android/bin/../lib/gcc/x86_64-linux-android/4.9/../../../../x86_64-linux-android/bin/ld: warning: skipping incompatible /Users/xiang/develop/eclipseworkspace/LivePusher/jni/include/android-toolchain/x86_64-linux-android/sysroot/usr/lib/libm.so while searching for m
collect2: error: ld returned 1 exit status
--------------------------------------------------
Failed program was:
--------------------------------------------------
#include <pthread.h>
int main (void) { pthread_create(0,0,0,0); return 0; }
--------------------------------------------------
checking for pthread_create(0,0,0,0); in pthread.h... yes
checking for cpu_set_t p_aff; return CPU_COUNT(&p_aff); in sched.h... yes
checking for return log2f(2); in math.h... yes
checking for MADV_HUGEPAGE; in sys/mman.h... yes
checking for sws_init_context(0,0,0); in libswscale/swscale.h... no
Failed commandline was:
--------------------------------------------------
/Users/xiang/develop/eclipseworkspace/LivePusher/jni/include/android-toolchain/x86_64-linux-android/bin/x86_64-linux-android-gcc --sysroot=/Users/xiang/develop/eclipseworkspace/LivePusher/jni/include/android-toolchain/x86_64-linux-android/sysroot conftest.c -m64 -fPIC -Wall -I. -I$(SRCPATH) -std=gnu99 -mpreferred-stack-boundary=5   -I/usr/local/Cellar/ffmpeg/2.8/include  -L/usr/local/Cellar/ffmpeg/2.8/lib -lswscale -lavutil  -m64 -Wl,-rpath-link=/Users/xiang/develop/eclipseworkspace/LivePusher/jni/include/android-toolchain/x86_64-linux-android/sysroot/usr/lib -L/Users/xiang/develop/eclipseworkspace/LivePusher/jni/include/android-toolchain/x86_64-linux-android/sysroot/usr/lib -nostdlib -lc -lm -ldl -llog -lgcc -lm  -o conftest
/Users/xiang/develop/eclipseworkspace/LivePusher/jni/include/android-toolchain/x86_64-linux-android/bin/../lib/gcc/x86_64-linux-android/4.9/../../../../x86_64-linux-android/bin/ld: error: swscale: no archive symbol table (run ranlib)
/Users/xiang/develop/eclipseworkspace/LivePusher/jni/include/android-toolchain/x86_64-linux-android/bin/../lib/gcc/x86_64-linux-android/4.9/../../../../x86_64-linux-android/bin/ld: error: avutil: no archive symbol table (run ranlib)
/Users/xiang/develop/eclipseworkspace/LivePusher/jni/include/android-toolchain/x86_64-linux-android/bin/../lib/gcc/x86_64-linux-android/4.9/../../../../x86_64-linux-android/bin/ld: warning: skipping incompatible /Users/xiang/develop/eclipseworkspace/LivePusher/jni/include/android-toolchain/x86_64-linux-android/sysroot/usr/lib/libc.so while searching for c
/Users/xiang/develop/eclipseworkspace/LivePusher/jni/include/android-toolchain/x86_64-linux-android/bin/../lib/gcc/x86_64-linux-android/4.9/../../../../x86_64-linux-android/bin/ld: warning: skipping incompatible /Users/xiang/develop/eclipseworkspace/LivePusher/jni/include/android-toolchain/x86_64-linux-android/sysroot/usr/lib/libm.so while searching for m
/Users/xiang/develop/eclipseworkspace/LivePusher/jni/include/android-toolchain/x86_64-linux-android/bin/../lib/gcc/x86_64-linux-android/4.9/../../../../x86_64-linux-android/bin/ld: warning: skipping incompatible /Users/xiang/develop/eclipseworkspace/LivePusher/jni/include/android-toolchain/x86_64-linux-android/sysroot/usr/lib/libdl.so while searching for dl
/Users/xiang/develop/eclipseworkspace/LivePusher/jni/include/android-toolchain/x86_64-linux-android/bin/../lib/gcc/x86_64-linux-android/4.9/../../../../x86_64-linux-android/bin/ld: warning: skipping incompatible /Users/xiang/develop/eclipseworkspace/LivePusher/jni/include/android-toolchain/x86_64-linux-android/sysroot/usr/lib/liblog.so while searching for log
/Users/xiang/develop/eclipseworkspace/LivePusher/jni/include/android-toolchain/x86_64-linux-android/bin/../lib/gcc/x86_64-linux-android/4.9/../../../../x86_64-linux-android/bin/ld: warning: skipping incompatible /Users/xiang/develop/eclipseworkspace/LivePusher/jni/include/android-toolchain/x86_64-linux-android/sysroot/usr/lib/libm.so while searching for m
/var/folders/xh/2k11wh_n4l7446c1420b4dpw0000gn/T//cc4blzpf.o:conftest.c:function main: error: undefined reference to 'sws_init_context'
collect2: error: ld returned 1 exit status
--------------------------------------------------
Failed program was:
--------------------------------------------------
#include <libswscale/swscale.h>
int main (void) { sws_init_context(0,0,0); return 0; }
--------------------------------------------------
checking for av_frame_free(0); in libavformat/avformat.h... no
Failed commandline was:
--------------------------------------------------
/Users/xiang/develop/eclipseworkspace/LivePusher/jni/include/android-toolchain/x86_64-linux-android/bin/x86_64-linux-android-gcc --sysroot=/Users/xiang/develop/eclipseworkspace/LivePusher/jni/include/android-toolchain/x86_64-linux-android/sysroot conftest.c -m64 -fPIC -Wall -I. -I$(SRCPATH) -std=gnu99 -mpreferred-stack-boundary=5   -I/usr/local/Cellar/ffmpeg/2.8/include -L.  -L/usr/local/Cellar/ffmpeg/2.8/lib -lavformat -lavcodec -lavutil -lswscale  -m64 -Wl,-rpath-link=/Users/xiang/develop/eclipseworkspace/LivePusher/jni/include/android-toolchain/x86_64-linux-android/sysroot/usr/lib -L/Users/xiang/develop/eclipseworkspace/LivePusher/jni/include/android-toolchain/x86_64-linux-android/sysroot/usr/lib -nostdlib -lc -lm -ldl -llog -lgcc -lm  -o conftest
/Users/xiang/develop/eclipseworkspace/LivePusher/jni/include/android-toolchain/x86_64-linux-android/bin/../lib/gcc/x86_64-linux-android/4.9/../../../../x86_64-linux-android/bin/ld: error: avformat: no archive symbol table (run ranlib)
/Users/xiang/develop/eclipseworkspace/LivePusher/jni/include/android-toolchain/x86_64-linux-android/bin/../lib/gcc/x86_64-linux-android/4.9/../../../../x86_64-linux-android/bin/ld: error: avcodec: no archive symbol table (run ranlib)
/Users/xiang/develop/eclipseworkspace/LivePusher/jni/include/android-toolchain/x86_64-linux-android/bin/../lib/gcc/x86_64-linux-android/4.9/../../../../x86_64-linux-android/bin/ld: error: avutil: no archive symbol table (run ranlib)
/Users/xiang/develop/eclipseworkspace/LivePusher/jni/include/android-toolchain/x86_64-linux-android/bin/../lib/gcc/x86_64-linux-android/4.9/../../../../x86_64-linux-android/bin/ld: error: swscale: no archive symbol table (run ranlib)
/Users/xiang/develop/eclipseworkspace/LivePusher/jni/include/android-toolchain/x86_64-linux-android/bin/../lib/gcc/x86_64-linux-android/4.9/../../../../x86_64-linux-android/bin/ld: warning: skipping incompatible /Users/xiang/develop/eclipseworkspace/LivePusher/jni/include/android-toolchain/x86_64-linux-android/sysroot/usr/lib/libc.so while searching for c
/Users/xiang/develop/eclipseworkspace/LivePusher/jni/include/android-toolchain/x86_64-linux-android/bin/../lib/gcc/x86_64-linux-android/4.9/../../../../x86_64-linux-android/bin/ld: warning: skipping incompatible /Users/xiang/develop/eclipseworkspace/LivePusher/jni/include/android-toolchain/x86_64-linux-android/sysroot/usr/lib/libm.so while searching for m
/Users/xiang/develop/eclipseworkspace/LivePusher/jni/include/android-toolchain/x86_64-linux-android/bin/../lib/gcc/x86_64-linux-android/4.9/../../../../x86_64-linux-android/bin/ld: warning: skipping incompatible /Users/xiang/develop/eclipseworkspace/LivePusher/jni/include/android-toolchain/x86_64-linux-android/sysroot/usr/lib/libdl.so while searching for dl
/Users/xiang/develop/eclipseworkspace/LivePusher/jni/include/android-toolchain/x86_64-linux-android/bin/../lib/gcc/x86_64-linux-android/4.9/../../../../x86_64-linux-android/bin/ld: warning: skipping incompatible /Users/xiang/develop/eclipseworkspace/LivePusher/jni/include/android-toolchain/x86_64-linux-android/sysroot/usr/lib/liblog.so while searching for log
/Users/xiang/develop/eclipseworkspace/LivePusher/jni/include/android-toolchain/x86_64-linux-android/bin/../lib/gcc/x86_64-linux-android/4.9/../../../../x86_64-linux-android/bin/ld: warning: skipping incompatible /Users/xiang/develop/eclipseworkspace/LivePusher/jni/include/android-toolchain/x86_64-linux-android/sysroot/usr/lib/libm.so while searching for m
/var/folders/xh/2k11wh_n4l7446c1420b4dpw0000gn/T//cc60JTCA.o:conftest.c:function main: error: undefined reference to 'av_frame_free'
collect2: error: ld returned 1 exit status
--------------------------------------------------
Failed program was:
--------------------------------------------------
#include <libavformat/avformat.h>
int main (void) { av_frame_free(0); return 0; }
--------------------------------------------------
checking for FFMS_DestroyVideoSource(0); in ffms.h... no
Failed commandline was:
--------------------------------------------------
/Users/xiang/develop/eclipseworkspace/LivePusher/jni/include/android-toolchain/x86_64-linux-android/bin/x86_64-linux-android-gcc --sysroot=/Users/xiang/develop/eclipseworkspace/LivePusher/jni/include/android-toolchain/x86_64-linux-android/sysroot conftest.c -m64 -fPIC -Wall -I. -I$(SRCPATH) -std=gnu99 -mpreferred-stack-boundary=5   -lffms2  -m64 -Wl,-rpath-link=/Users/xiang/develop/eclipseworkspace/LivePusher/jni/include/android-toolchain/x86_64-linux-android/sysroot/usr/lib -L/Users/xiang/develop/eclipseworkspace/LivePusher/jni/include/android-toolchain/x86_64-linux-android/sysroot/usr/lib -nostdlib -lc -lm -ldl -llog -lgcc -lm  -o conftest
conftest.c:1:18: fatal error: ffms.h: No such file or directory
 #include <ffms.h>
                  ^
compilation terminated.
--------------------------------------------------
Failed program was:
--------------------------------------------------
#include <ffms.h>
int main (void) { FFMS_DestroyVideoSource(0); return 0; }
--------------------------------------------------
checking for FFMS_DestroyVideoSource(0); in ffms.h... no
Failed commandline was:
--------------------------------------------------
/Users/xiang/develop/eclipseworkspace/LivePusher/jni/include/android-toolchain/x86_64-linux-android/bin/x86_64-linux-android-gcc --sysroot=/Users/xiang/develop/eclipseworkspace/LivePusher/jni/include/android-toolchain/x86_64-linux-android/sysroot conftest.c -m64 -fPIC -Wall -I. -I$(SRCPATH) -std=gnu99 -mpreferred-stack-boundary=5   -lffms2 -lstdc++ -L.  -L/usr/local/Cellar/ffmpeg/2.8/lib -lavformat -lavcodec -lavutil -lswscale  -m64 -Wl,-rpath-link=/Users/xiang/develop/eclipseworkspace/LivePusher/jni/include/android-toolchain/x86_64-linux-android/sysroot/usr/lib -L/Users/xiang/develop/eclipseworkspace/LivePusher/jni/include/android-toolchain/x86_64-linux-android/sysroot/usr/lib -nostdlib -lc -lm -ldl -llog -lgcc -lm  -o conftest
conftest.c:1:18: fatal error: ffms.h: No such file or directory
 #include <ffms.h>
                  ^
compilation terminated.
--------------------------------------------------
Failed program was:
--------------------------------------------------
#include <ffms.h>
int main (void) { FFMS_DestroyVideoSource(0); return 0; }
--------------------------------------------------
checking for lsmash.h... no
Failed commandline was:
--------------------------------------------------
/Users/xiang/develop/eclipseworkspace/LivePusher/jni/include/android-toolchain/x86_64-linux-android/bin/x86_64-linux-android-gcc --sysroot=/Users/xiang/develop/eclipseworkspace/LivePusher/jni/include/android-toolchain/x86_64-linux-android/sysroot conftest.c -m64 -fPIC -Wall -I. -I$(SRCPATH) -std=gnu99 -mpreferred-stack-boundary=5   -llsmash  -m64 -Wl,-rpath-link=/Users/xiang/develop/eclipseworkspace/LivePusher/jni/include/android-toolchain/x86_64-linux-android/sysroot/usr/lib -L/Users/xiang/develop/eclipseworkspace/LivePusher/jni/include/android-toolchain/x86_64-linux-android/sysroot/usr/lib -nostdlib -lc -lm -ldl -llog -lgcc -lm  -o conftest
conftest.c:1:20: fatal error: lsmash.h: No such file or directory
 #include <lsmash.h>
                    ^
compilation terminated.
--------------------------------------------------
Failed program was:
--------------------------------------------------
#include <lsmash.h>
int main (void) {  return 0; }
--------------------------------------------------
checking for uint32_t test_vec __attribute__ ((vector_size (16))) = {0,1,2,3}; in stdint.h... yes
checking for stdio.h... yes
checking for -fno-tree-vectorize... yes
checking for fseeko(stdin,0,0); in stdio.h... yes
checking for -Wshadow... yes
checking for -Wmaybe-uninitialized... yes

platform:      X86_64
byte order:    little-endian
system:        LINUX
cli:           yes
libx264:       internal
shared:        no
static:        yes
asm:           no
interlaced:    yes
avs:           avxsynth
lavf:          no
ffms:          no
mp4:           no
gpl:           yes
thread:        posix
opencl:        yes
filters:       crop select_every 
debug:         no
gprof:         no
strip:         no
PIC:           yes
bit depth:     8
chroma format: all
